<?xml version="1.0" encoding="UTF-8"?>
<!-- Generated by org.testng.reporters.JUnitReportReporter -->
<testsuite skipped="0" hostname="Gamzes-Air.fios-router.home" name="com.class02.SmartbearsoftwareExample" tests="3" failures="0" timestamp="31 May 2019 00:32:25 GMT" time="0.979" errors="0">
  <testcase name="loginScreenTitle" time="0.020" classname="com.class02.SmartbearsoftwareExample"/>
  <testcase name="login" time="0.899" classname="com.class02.SmartbearsoftwareExample"/>
  <testcase name="webOrders" time="0.060" classname="com.class02.SmartbearsoftwareExample"/>
</testsuite> <!-- com.class02.SmartbearsoftwareExample -->
