<?xml version="1.0" encoding="UTF-8"?>
<!-- Generated by org.testng.reporters.JUnitReportReporter -->
<testsuite skipped="0" hostname="Gamzes-Air.fios-router.home" name="com.class03.HomeworkThree" tests="3" failures="0" timestamp="31 May 2019 07:02:24 GMT" time="4.414" errors="0">
  <testcase name="clickPIMEmployeeList" time="1.302" classname="com.class03.HomeworkThree"/>
  <testcase name="verifyEmployee" time="1.290" classname="com.class03.HomeworkThree"/>
  <testcase name="searchEmployee" time="1.822" classname="com.class03.HomeworkThree"/>
</testsuite> <!-- com.class03.HomeworkThree -->
