<?xml version="1.0" encoding="UTF-8"?>
<!-- Generated by org.testng.reporters.JUnitReportReporter -->
<testsuite skipped="0" hostname="Gamzes-Air.fios-router.home" name="com.class05.DemoTest" tests="2" failures="0" timestamp="13 Jun 2019 00:03:20 GMT" time="22.827" errors="0">
  <testcase name="testCrossBrowser" time="8.776" classname="com.class05.DemoTest"/>
  <testcase name="testCrossBrowser" time="14.051" classname="com.class05.DemoTest"/>
</testsuite> <!-- com.class05.DemoTest -->
