<?xml version="1.0" encoding="UTF-8"?>
<!-- Generated by org.testng.reporters.JUnitReportReporter -->
<testsuite skipped="0" hostname="Gamzes-Air.fios-router.home" name="com.class03.TestNGGroupDemo" tests="2" failures="0" timestamp="06 Jun 2019 22:46:18 GMT" time="0.024" errors="0">
  <testcase name="test2" time="0.021" classname="com.class03.TestNGGroupDemo"/>
  <testcase name="test3" time="0.003" classname="com.class03.TestNGGroupDemo"/>
</testsuite> <!-- com.class03.TestNGGroupDemo -->
