<?xml version="1.0" encoding="UTF-8"?>
<!-- Generated by org.testng.reporters.JUnitReportReporter -->
<testsuite skipped="0" hostname="Gamzes-Air.fios-router.home" name="com.class03.HomeworkOne" tests="2" failures="0" timestamp="31 May 2019 05:52:54 GMT" time="1.341" errors="0">
  <testcase name="verifyLoggedIn" time="0.295" classname="com.class03.HomeworkOne"/>
  <testcase name="login" time="1.046" classname="com.class03.HomeworkOne"/>
</testsuite> <!-- com.class03.HomeworkOne -->
