<?xml version="1.0" encoding="UTF-8"?>
<!-- Generated by org.testng.reporters.JUnitReportReporter -->
<testsuite skipped="0" hostname="Gamzes-Air.fios-router.home" name="com.class02.Priority" tests="4" failures="0" timestamp="30 May 2019 23:04:10 GMT" time="0.062" errors="0">
  <testcase name="first" time="0.040" classname="com.class02.Priority"/>
  <testcase name="second" time="0.002" classname="com.class02.Priority"/>
  <testcase name="third" time="0.002" classname="com.class02.Priority"/>
  <testcase name="forth" time="0.018" classname="com.class02.Priority"/>
</testsuite> <!-- com.class02.Priority -->
