<?xml version="1.0" encoding="UTF-8"?>
<!-- Generated by org.testng.reporters.JUnitReportReporter -->
<testsuite skipped="0" hostname="Gamzes-Air.fios-router.home" name="com.class02.TaskOneOrange" tests="2" failures="0" timestamp="31 May 2019 00:08:33 GMT" time="8.707" errors="0">
  <testcase name="verifyTitle" time="4.368" classname="com.class02.TaskOneOrange"/>
  <testcase name="login" time="4.339" classname="com.class02.TaskOneOrange"/>
</testsuite> <!-- com.class02.TaskOneOrange -->
