<?xml version="1.0" encoding="UTF-8"?>
<!-- Generated by org.testng.reporters.JUnitReportReporter -->
<testsuite skipped="0" hostname="Gamzes-Air.fios-router.home" name="com.class03.DependsOnMethodClass" tests="3" failures="0" timestamp="06 Jun 2019 01:43:11 GMT" time="0.020" errors="0">
  <testcase name="three" time="0.005" classname="com.class03.DependsOnMethodClass"/>
  <testcase name="one" time="0.012" classname="com.class03.DependsOnMethodClass"/>
  <testcase name="two" time="0.003" classname="com.class03.DependsOnMethodClass"/>
</testsuite> <!-- com.class03.DependsOnMethodClass -->
