<?xml version="1.0" encoding="UTF-8"?>
<!-- Generated by org.testng.reporters.JUnitReportReporter -->
<testsuite skipped="0" hostname="Gamzes-Air.fios-router.home" name="com.class01.testng" tests="3" failures="0" timestamp="29 May 2019 01:15:03 GMT" time="0.024" errors="0">
  <testcase name="a" time="0.014" classname="com.class01.testng"/>
  <testcase name="testDemo" time="0.005" classname="com.class01.testng"/>
  <testcase name="b" time="0.005" classname="com.class01.testng"/>
</testsuite> <!-- com.class01.testng -->
