<?xml version="1.0" encoding="UTF-8"?>
<!-- Generated by org.testng.reporters.JUnitReportReporter -->
<testsuite skipped="0" hostname="Gamzes-Air.fios-router.home" name="com.class01.orangehrmExample" tests="1" failures="0" timestamp="29 May 2019 17:07:03 GMT" time="11.387" errors="0">
  <testcase name="login" time="11.387" classname="com.class01.orangehrmExample"/>
</testsuite> <!-- com.class01.orangehrmExample -->
